Arguments: 
  /Users/sanjay/.nvm/versions/node/v13.2.0/bin/node /usr/local/bin/yarn add lodash

PATH: 
  /Users/sanjay/.nvm/versions/node/v13.2.0/bin:/usr/local/bin:/usr/bin:/bin:/usr/sbin:/sbin:/Users/sanjay/.nvm/versions/node/v13.2.0/bin

Yarn version: 
  1.3.2

Node version: 
  13.2.0

Platform: 
  darwin x64

npm manifest: 
  {
    "name": "express_typescript",
    "version": "1.0.0",
    "description": "",
    "main": "app.js",
    "scripts": {
      "test": "echo \"Error: no test specified\" && exit 1"
      "start": no
    },
    "author": "",
    "license": "ISC"
  }

yarn manifest: 
  No manifest

Lockfile: 
  No lockfile

Trace: 
  SyntaxError: /Users/sanjay/Documents/Learn/Node/Express_Typescript/package.json: Unexpected string in JSON at position 174
      at JSON.parse (<anonymous>)
      at /usr/local/lib/node_modules/yarn/lib/cli.js:770:59
      at Generator.next (<anonymous>)
      at step (/usr/local/lib/node_modules/yarn/lib/cli.js:92:30)
      at /usr/local/lib/node_modules/yarn/lib/cli.js:103:13
